[Sat Jun 20 20:08:43 2026] PHP 8.3.6 Development Server (http://localhost:8000) started
[Sat Jun 20 20:08:57 2026] [::1]:45230 Accepted
[Sat Jun 20 20:08:57 2026] PHP Warning:  Undefined variable $pdo in /app/index.php on line 5
[Sat Jun 20 20:08:57 2026] PHP Fatal error:  Uncaught Error: Call to a member function query() on null in /app/index.php:5
Stack trace:
#0 {main}
  thrown in /app/index.php on line 5
[Sat Jun 20 20:08:57 2026] [::1]:45230 [500]: GET / - Uncaught Error: Call to a member function query() on null in /app/index.php:5
Stack trace:
#0 {main}
  thrown in /app/index.php on line 5
[Sat Jun 20 20:08:57 2026] [::1]:45230 Closing
[Sat Jun 20 20:09:14 2026] [::1]:39422 Accepted
[Sat Jun 20 20:09:14 2026] PHP Warning:  Undefined variable $pdo in /app/index.php on line 5
[Sat Jun 20 20:09:14 2026] PHP Fatal error:  Uncaught Error: Call to a member function query() on null in /app/index.php:5
Stack trace:
#0 {main}
  thrown in /app/index.php on line 5
[Sat Jun 20 20:09:14 2026] [::1]:39422 [500]: GET / - Uncaught Error: Call to a member function query() on null in /app/index.php:5
Stack trace:
#0 {main}
  thrown in /app/index.php on line 5
[Sat Jun 20 20:09:14 2026] [::1]:39422 Closing
[Sat Jun 20 20:10:43 2026] [::1]:48240 Accepted
[Sat Jun 20 20:10:43 2026] [::1]:48240 [200]: GET /
[Sat Jun 20 20:10:43 2026] [::1]:48240 Closing
[Sat Jun 20 20:10:54 2026] [::1]:48800 Accepted
[Sat Jun 20 20:10:54 2026] [::1]:48800 [200]: GET /
[Sat Jun 20 20:10:54 2026] [::1]:48800 Closing
